<?xml version="1.0" encoding="UTF-8"?>
<!-- Generated by org.testng.reporters.JUnitReportReporter -->
<testsuite ignored="0" hostname="DESKTOP-D9LJ7OB" failures="0" tests="1" name="testSel.testSel" time="28.954" errors="0" timestamp="05 nov. 2022 04:30:58 GMT" skipped="0">
  <testcase classname="testSel.testSel" name="f" time="28.954"/>
</testsuite> <!-- testSel.testSel -->
